0 info it worked if it ends with ok
1 verbose cli [ '/home/hitesh/.nvm/versions/node/v4.4.7/bin/node',
1 verbose cli   '/home/hitesh/.nvm/versions/node/v4.4.7/bin/npm',
1 verbose cli   'publish' ]
2 info using npm@2.15.8
3 info using node@v4.4.7
4 verbose publish [ '.' ]
5 silly cache add args [ '.', null ]
6 verbose cache add spec .
7 silly cache add parsed spec Result {
7 silly cache add   raw: '.',
7 silly cache add   scope: null,
7 silly cache add   name: null,
7 silly cache add   rawSpec: '.',
7 silly cache add   spec: '/home/hitesh/HDB/eco-system/contentstack-javascript',
7 silly cache add   type: 'directory' }
8 verbose addLocalDirectory /home/hitesh/.npm/contentstack/3.1.0/package.tgz not in flight; packing
9 verbose correctMkdir /home/hitesh/.npm correctMkdir not in flight; initializing
10 verbose tar pack [ '/home/hitesh/.npm/contentstack/3.1.0/package.tgz',
10 verbose tar pack   '/home/hitesh/HDB/eco-system/contentstack-javascript' ]
11 verbose tarball /home/hitesh/.npm/contentstack/3.1.0/package.tgz
12 verbose folder /home/hitesh/HDB/eco-system/contentstack-javascript
13 info prepublish contentstack@3.1.0
14 verbose unsafe-perm in lifecycle true
15 verbose addLocalTarball adding from inside cache /home/hitesh/.npm/contentstack/3.1.0/package.tgz
16 verbose correctMkdir /home/hitesh/.npm correctMkdir not in flight; initializing
17 silly cache afterAdd contentstack@3.1.0
18 verbose afterAdd /home/hitesh/.npm/contentstack/3.1.0/package/package.json not in flight; writing
19 verbose correctMkdir /home/hitesh/.npm correctMkdir not in flight; initializing
20 verbose afterAdd /home/hitesh/.npm/contentstack/3.1.0/package/package.json written
21 silly publish { name: 'contentstack',
21 silly publish   version: '3.1.0',
21 silly publish   description: 'The Built.io Contentstack Javascript SDK',
21 silly publish   homepage: 'https://www.built.io/products/contentstack/overview',
21 silly publish   author: { name: 'Built.io Contentstack', url: 'https://www.built.io/' },
21 silly publish   main: 'dist/node/contentstack.js',
21 silly publish   _id: 'contentstack@3.1.0',
21 silly publish   scripts:
21 silly publish    { test: 'node test.js',
21 silly publish      rimraf: 'rimraf',
21 silly publish      prepublish: 'rimraf dist; npm run buildnode; npm run buildweb; npm run buildreactnative;',
21 silly publish      buildnode: 'webpack --config webpack/webpack.node.js',
21 silly publish      buildweb: 'webpack -p --config webpack/webpack.web.js',
21 silly publish      buildreactnative: 'webpack --config webpack/webpack.react-native.js',
21 silly publish      'generate-docs': 'jsdoc --configure docs-config.json --verbose' },
21 silly publish   _shasum: '8386216b8f4104185c79aa74249f284e4ca15c72',
21 silly publish   _from: '.',
21 silly publish   _npmVersion: '3.8.9',
21 silly publish   _nodeVersion: '6.2.0',
21 silly publish   _npmUser: { name: 'mynk', email: 'mayank@raweng.com' },
21 silly publish   maintainers:
21 silly publish    [ { name: 'hiteshbal', email: 'hitesh.baldaniya@raweng.com' },
21 silly publish      { name: 'mynk', email: 'mayank@raweng.com' } ],
21 silly publish   dist:
21 silly publish    { shasum: 'a328ed07240476a26b31a23261355dc929e1da63',
21 silly publish      tarball: 'https://registry.npmjs.org/contentstack/-/contentstack-3.0.0.tgz' },
21 silly publish   directories: {},
21 silly publish   _resolved: 'https://registry.npmjs.org/contentstack/-/contentstack-3.0.0.tgz',
21 silly publish   _npmOperationalInternal:
21 silly publish    { host: 'packages-18-east.internal.npmjs.com',
21 silly publish      tmp: 'tmp/contentstack-3.0.0.tgz_1477830884275_0.9869455888401717' },
21 silly publish   devDependencies:
21 silly publish    { 'babel-core': '^6.24.0',
21 silly publish      'babel-loader': '^6.4.1',
21 silly publish      'babel-plugin-transform-runtime': '^6.23.0',
21 silly publish      'babel-preset-env': '^1.3.2',
21 silly publish      'babel-preset-es2015': '^6.16.0',
21 silly publish      'babel-preset-es2016': '^6.22.0',
21 silly publish      'babel-preset-stage-1': '^6.22.0',
21 silly publish      'compression-webpack-plugin': '^0.3.1',
21 silly publish      'es3ify-loader': '^0.2.0',
21 silly publish      jshint: '~2.6.3',
21 silly publish      'string-replace-webpack-plugin': '0.0.3',
21 silly publish      'tap-json': '^0.1.1',
21 silly publish      tape: '^4.4.0',
21 silly publish      jsdoc: '^3.4.0',
21 silly publish      'uglify-js': '^2.6.2',
21 silly publish      webpack: '^2.2.1',
21 silly publish      'webpack-md5-hash': '^0.0.5',
21 silly publish      'webpack-merge': '^0.17.0' },
21 silly publish   dependencies:
21 silly publish    { 'babel-runtime': '^6.23.0',
21 silly publish      localStorage: '1.0.3',
21 silly publish      q: '1.4.1',
21 silly publish      when: '3.7.8',
21 silly publish      xmlhttprequest: '1.8.0' },
21 silly publish   readme: '[![Built.io Contentstack](https://contentstackdocs.built.io/static/images/logo.png)](https://www.built.io/products/contentstack/overview)\n# Javascript SDK for Built.io Contentstack\n## Prerequisite\nYou need to install node.js v0.10.22 or later to use the Built.io Contentstack SDK.\n## Installation\nYou might need administrator privileges to perform this installation.\n```bash\n$ npm install contentstack\n```\nTo require the SDK module in your application use the following command.\n```bash\n$ var Contentstack = require(\'contentstack\');\n```\n## Basic Structure\nThe structure followed by SDK logically resembles the "Stack" structure on Built.io Contentstack. Once you have done the basic setup explained in the Installation section, you get a Built.io Contentstack object, which can be used to initialize different modules. The initialization process for each module is explained below.\n### Stack\nTo initialize a Stack, you need to provide the required keys and values associated with them.\n```bash\nvar Stack = Contentstack.Stack({"api_key":<<API_KEY>>,"access_token":<<ACCESS_TOKEN>>,"environment":<<ENVIRONMENT_NAME>>});\n```\nLet us take an example where we try to obtain all entries of the Content Type my_content_type.\n```bash\nvar entry = Stack.ContentType(<<CONTENT_TYPE_UID>>).Query();\nentry\n  //add query methods here\n .find()\n .then(function(data){\n   //data will contain entries from the specified Content Type;\n  },function(err){\n   //displays a detailed error in case of failure;\n  });\n```\nLet us take another example where we try to obtain only a specific entry from the Content Type my_content_type.\n```bash\nvar entry = Stack.ContentType(<<CONTENT_TYPE_UID>>).Entry(<<ENTRY_UID>>);\nentry\n  //add query methods here\n .fetch()\n .then(function(data){\n   //data will contain the specified entry from the specified Content Type;\n  },function(err){\n   //displays a detailed error in case of failure;\n  });\n```\n-----\n\n## Links\n - [Website](https://www.built.io/products/contentstack/overview)\n - [Official Documentation](http://contentstackdocs.built.io/developer/javascript/quickstart)\n\n### License\nCopyright © 2012-2016 [Built.io](https://www.built.io/). All Rights Reserved.\n',
21 silly publish   readmeFilename: 'README.md',
21 silly publish   gitHead: 'd570e5f94a1e081b91368d1b3a72e06b474e0254' }
22 verbose getPublishConfig undefined
23 silly mapToRegistry name contentstack
24 silly mapToRegistry using default registry
25 silly mapToRegistry registry https://registry.npmjs.org/
26 silly mapToRegistry data Result {
26 silly mapToRegistry   raw: 'contentstack',
26 silly mapToRegistry   scope: null,
26 silly mapToRegistry   name: 'contentstack',
26 silly mapToRegistry   rawSpec: '',
26 silly mapToRegistry   spec: 'latest',
26 silly mapToRegistry   type: 'tag' }
27 silly mapToRegistry uri https://registry.npmjs.org/contentstack
28 verbose publish registryBase https://registry.npmjs.org/
29 silly publish uploading /home/hitesh/.npm/contentstack/3.1.0/package.tgz
30 verbose stack Error: auth required for publishing
30 verbose stack     at CachingRegistryClient.publish (/home/hitesh/.nvm/versions/node/v4.4.7/lib/node_modules/npm/node_modules/npm-registry-client/lib/publish.js:30:14)
30 verbose stack     at /home/hitesh/.nvm/versions/node/v4.4.7/lib/node_modules/npm/lib/publish.js:134:14
30 verbose stack     at mapToRegistry (/home/hitesh/.nvm/versions/node/v4.4.7/lib/node_modules/npm/lib/utils/map-to-registry.js:62:3)
30 verbose stack     at publish_ (/home/hitesh/.nvm/versions/node/v4.4.7/lib/node_modules/npm/lib/publish.js:104:3)
30 verbose stack     at Array.<anonymous> (/home/hitesh/.nvm/versions/node/v4.4.7/lib/node_modules/npm/node_modules/slide/lib/bind-actor.js:15:8)
30 verbose stack     at LOOP (/home/hitesh/.nvm/versions/node/v4.4.7/lib/node_modules/npm/node_modules/slide/lib/chain.js:15:14)
30 verbose stack     at LOOP (/home/hitesh/.nvm/versions/node/v4.4.7/lib/node_modules/npm/node_modules/slide/lib/chain.js:14:28)
30 verbose stack     at chain (/home/hitesh/.nvm/versions/node/v4.4.7/lib/node_modules/npm/node_modules/slide/lib/chain.js:20:5)
30 verbose stack     at /home/hitesh/.nvm/versions/node/v4.4.7/lib/node_modules/npm/lib/publish.js:73:5
30 verbose stack     at RES (/home/hitesh/.nvm/versions/node/v4.4.7/lib/node_modules/npm/node_modules/inflight/inflight.js:23:14)
31 verbose cwd /home/hitesh/HDB/eco-system/contentstack-javascript
32 error Linux 4.4.0-75-generic
33 error argv "/home/hitesh/.nvm/versions/node/v4.4.7/bin/node" "/home/hitesh/.nvm/versions/node/v4.4.7/bin/npm" "publish"
34 error node v4.4.7
35 error npm  v2.15.8
36 error code ENEEDAUTH
37 error need auth auth required for publishing
37 error need auth You need to authorize this machine using `npm adduser`
38 verbose exit [ 1, true ]
